<?xml version="1.0" encoding="UTF-8"?>
<!-- Generated by org.testng.reporters.JUnitReportReporter -->
<testsuite skipped="0" hostname="Narmadha-PC" name="JCpenny.TestNG_Project.managepayments" tests="1" failures="0" timestamp="2020-02-21T13:05:00 EST" time="12.751" errors="0">
  <testcase name="payments" time="12.751" classname="JCpenny.TestNG_Project.managepayments"/>
  <system-out/>
</testsuite> <!-- JCpenny.TestNG_Project.managepayments -->
