<?xml version="1.0" encoding="UTF-8"?>
<!-- Generated by org.testng.reporters.JUnitReportReporter -->
<testsuite skipped="0" hostname="Narmadha-PC" name="JCpenny.TestNG_Project.Login" tests="1" failures="0" timestamp="2020-02-21T13:05:00 EST" time="9.485" errors="0">
  <testcase name="home" time="9.485" classname="JCpenny.TestNG_Project.Login"/>
  <system-out/>
</testsuite> <!-- JCpenny.TestNG_Project.Login -->
