<?xml version="1.0" encoding="UTF-8"?>
<!-- Generated by org.testng.reporters.JUnitReportReporter -->
<testsuite skipped="0" hostname="Narmadha-PC" name="JCpenny.TestNG_Project.Login" tests="1" failures="0" timestamp="2020-02-20T17:14:08 EST" time="11.467" errors="0">
  <testcase name="home" time="11.467" classname="JCpenny.TestNG_Project.Login"/>
  <system-out/>
</testsuite> <!-- JCpenny.TestNG_Project.Login -->
